<?xml version='1.0'?>
<ns2:test-suite xmlns:ns2='urn:model.allure.qatools.yandex.ru' start='1611129601354' stop='1611129679696'>
    <name>Invalid Credentials</name>
    <title>Invalid Credentials</title>
    <test-cases>
        <test-case start='1611129601354' status='passed' stop='1611129661835'>
            <name>should clear Overlay Modal</name>
            <title>should clear Overlay Modal</title>
            <labels>
                <label name='language' value='javascript'/>
                <label name='framework' value='wdio'/>
                <label name='thread' value='0-0'/>
                <label name='language' value='javascript'/>
                <label name='framework' value='wdio'/>
                <label name='thread' value='0-0'/>
            </labels>
            <parameters>
                <parameter kind='argument' name='browser' value='chrome-87.0.4280.141'/>
                <parameter kind='argument' name='browser' value='chrome-87.0.4280.141'/>
            </parameters>
            <steps/>
            <attachments/>
        </test-case>
        <test-case start='1611129661836' status='broken' stop='1611129679695'>
            <name>should navigate to Sign In and Signin with Invalid Credential</name>
            <title>should navigate to Sign In and Signin with Invalid Credential</title>
            <labels>
                <label name='language' value='javascript'/>
                <label name='framework' value='wdio'/>
                <label name='thread' value='0-0'/>
                <label name='language' value='javascript'/>
                <label name='framework' value='wdio'/>
                <label name='thread' value='0-0'/>
            </labels>
            <parameters>
                <parameter kind='argument' name='browser' value='chrome-87.0.4280.141'/>
                <parameter kind='argument' name='browser' value='chrome-87.0.4280.141'/>
            </parameters>
            <steps/>
            <attachments/>
            <failure>
                <message>Condition is not a function</message>
                <stack-trace>Error: Condition is not a function
                    at processTicksAndRejections (internal/process/task_queues.js:97:5)
                    at Context.&lt;anonymous> (/Users/user/skywebdriverio_test/test/specs/skylogin.spec.js:47:13)</stack-trace>
            </failure>
        </test-case>
        <test-case start='1611129679695' status='pending' stop='1611129679695'>
            <name>should try Sign In with Invalid credentials</name>
            <title>should try Sign In with Invalid credentials</title>
            <labels/>
            <parameters/>
            <steps/>
            <attachments/>
            <failure>
                <message>Test ignored</message>
                <stack-trace>undefined</stack-trace>
            </failure>
        </test-case>
    </test-cases>
</ns2:test-suite>