<?xml version='1.0'?>
<ns2:test-suite xmlns:ns2='urn:model.allure.qatools.yandex.ru' start='1611129337165' stop='1611129426757'>
    <name>Invalid Credentials</name>
    <title>Invalid Credentials</title>
    <test-cases>
        <test-case start='1611129337166' status='passed' stop='1611129384947'>
            <name>should clear Overlay Modal</name>
            <title>should clear Overlay Modal</title>
            <labels>
                <label name='language' value='javascript'/>
                <label name='framework' value='wdio'/>
                <label name='thread' value='0-0'/>
                <label name='language' value='javascript'/>
                <label name='framework' value='wdio'/>
                <label name='thread' value='0-0'/>
            </labels>
            <parameters>
                <parameter kind='argument' name='browser' value='chrome-87.0.4280.141'/>
                <parameter kind='argument' name='browser' value='chrome-87.0.4280.141'/>
            </parameters>
            <steps/>
            <attachments/>
        </test-case>
        <test-case start='1611129384948' status='failed' stop='1611129426756'>
            <name>should navigate to Sign In and Signin with Invalid Credential</name>
            <title>should navigate to Sign In and Signin with Invalid Credential</title>
            <labels>
                <label name='language' value='javascript'/>
                <label name='framework' value='wdio'/>
                <label name='thread' value='0-0'/>
                <label name='language' value='javascript'/>
                <label name='framework' value='wdio'/>
                <label name='thread' value='0-0'/>
            </labels>
            <parameters>
                <parameter kind='argument' name='browser' value='chrome-87.0.4280.141'/>
                <parameter kind='argument' name='browser' value='chrome-87.0.4280.141'/>
            </parameters>
            <steps/>
            <attachments/>
            <failure>
                <message>Expect window to have title
                
                Expected: "Sky - Sign in"
                Received: "Sky TV, Broadband &amp; Mobile | News, Sports &amp; Movies | Sky.com"</message>
                <stack-trace>Error: Expect window to have title
                
                Expected: "Sky - Sign in"
                Received: "Sky TV, Broadband &amp; Mobile | News, Sports &amp; Movies | Sky.com"
                    at Context.&lt;anonymous> (/Users/user/skywebdriverio_test/test/specs/skylogin.spec.js:47:21)</stack-trace>
            </failure>
        </test-case>
        <test-case start='1611129426757' status='pending' stop='1611129426757'>
            <name>should try Sign In with Invalid credentials</name>
            <title>should try Sign In with Invalid credentials</title>
            <labels/>
            <parameters/>
            <steps/>
            <attachments/>
            <failure>
                <message>Test ignored</message>
                <stack-trace>undefined</stack-trace>
            </failure>
        </test-case>
    </test-cases>
</ns2:test-suite>