<?xml version='1.0'?>
<ns2:test-suite xmlns:ns2='urn:model.allure.qatools.yandex.ru' start='1611130059518' stop='1611130201542'>
    <name>Invalid Credentials</name>
    <title>Invalid Credentials</title>
    <test-cases>
        <test-case start='1611130059518' status='passed' stop='1611130121273'>
            <name>should clear Overlay Modal</name>
            <title>should clear Overlay Modal</title>
            <labels>
                <label name='language' value='javascript'/>
                <label name='framework' value='wdio'/>
                <label name='thread' value='0-0'/>
                <label name='language' value='javascript'/>
                <label name='framework' value='wdio'/>
                <label name='thread' value='0-0'/>
            </labels>
            <parameters>
                <parameter kind='argument' name='browser' value='chrome-87.0.4280.141'/>
                <parameter kind='argument' name='browser' value='chrome-87.0.4280.141'/>
            </parameters>
            <steps/>
            <attachments/>
        </test-case>
        <test-case start='1611130121274' status='failed' stop='1611130201541'>
            <name>should navigate to Sign In and Signin with Invalid Credential</name>
            <title>should navigate to Sign In and Signin with Invalid Credential</title>
            <labels>
                <label name='language' value='javascript'/>
                <label name='framework' value='wdio'/>
                <label name='thread' value='0-0'/>
                <label name='language' value='javascript'/>
                <label name='framework' value='wdio'/>
                <label name='thread' value='0-0'/>
            </labels>
            <parameters>
                <parameter kind='argument' name='browser' value='chrome-87.0.4280.141'/>
                <parameter kind='argument' name='browser' value='chrome-87.0.4280.141'/>
            </parameters>
            <steps/>
            <attachments/>
            <failure>
                <message>Expect $(`.globalErrors.li`) to have text
                
                Expected: "sorry, we did not recognise either your username or password"
                Received: undefined</message>
                <stack-trace>Error: Expect $(`.globalErrors.li`) to have text
                
                Expected: "sorry, we did not recognise either your username or password"
                Received: undefined
                    at Context.&lt;anonymous> (/Users/user/skywebdriverio_test/test/specs/skylogin.spec.js:51:32)</stack-trace>
            </failure>
        </test-case>
        <test-case start='1611130201541' status='pending' stop='1611130201541'>
            <name>should try Sign In with Invalid credentials</name>
            <title>should try Sign In with Invalid credentials</title>
            <labels/>
            <parameters/>
            <steps/>
            <attachments/>
            <failure>
                <message>Test ignored</message>
                <stack-trace>undefined</stack-trace>
            </failure>
        </test-case>
    </test-cases>
</ns2:test-suite>